# JRE version: Java(TM) SE Runtime Environment (7.0_45-b18) (build 1.7.0_45-b18)
# Java VM: Java HotSpot(TM) 64-Bit Server VM (24.45-b08 mixed mode bsd-amd64 compressed oops)
Heap
 PSYoungGen      total 297984K, used 203825K [0x00000007eaa80000, 0x00000007fd680000, 0x0000000800000000)
  eden space 290304K, 70% used [0x00000007eaa80000,0x00000007f7124510,0x00000007fc600000)
  from space 7680K, 5% used [0x00000007fce00000,0x00000007fce68000,0x00000007fd580000)
  to   space 8192K, 0% used [0x00000007fc600000,0x00000007fc600000,0x00000007fce00000)
 ParOldGen       total 26624K, used 13378K [0x00000007c0000000, 0x00000007c1a00000, 0x00000007eaa80000)
  object space 26624K, 50% used [0x00000007c0000000,0x00000007c0d10bb0,0x00000007c1a00000)
 PSPermGen       total 34304K, used 15275K [0x00000007bae00000, 0x00000007bcf80000, 0x00000007c0000000)
  object space 34304K, 44% used [0x00000007bae00000,0x00000007bbceada0,0x00000007bcf80000)
GC Heap History (10 events):
Event: 686.744 GC heap before
{Heap before GC invocations=448 (full 2):
 PSYoungGen      total 183296K, used 183072K [0x00000007eaa80000, 0x00000007fad80000, 0x0000000800000000)
  eden space 181248K, 100% used [0x00000007eaa80000,0x00000007f5b80000,0x00000007f5b80000)
  from space 2048K, 89% used [0x00000007fa000000,0x00000007fa1c8010,0x00000007fa200000)
  to   space 7680K, 0% used [0x00000007fa600000,0x00000007fa600000,0x00000007fad80000)
 ParOldGen       total 26624K, used 13274K [0x00000007c0000000, 0x00000007c1a00000, 0x00000007eaa80000)
  object space 26624K, 49% used [0x00000007c0000000,0x00000007c0cf6bb0,0x00000007c1a00000)
 PSPermGen       total 34304K, used 15162K [0x00000007bae00000, 0x00000007bcf80000, 0x00000007c0000000)
  object space 34304K, 44% used [0x00000007bae00000,0x00000007bbcce930,0x00000007bcf80000)
Event: 686.753 GC heap after
Heap after GC invocations=448 (full 2):
 PSYoungGen      total 179712K, used 6368K [0x00000007eaa80000, 0x00000007fac80000, 0x0000000800000000)
  eden space 173056K, 0% used [0x00000007eaa80000,0x00000007eaa80000,0x00000007f5380000)
  from space 6656K, 95% used [0x00000007fa600000,0x00000007fac38020,0x00000007fac80000)
  to   space 8704K, 0% used [0x00000007f9b80000,0x00000007f9b80000,0x00000007fa400000)
 ParOldGen       total 26624K, used 13346K [0x00000007c0000000, 0x00000007c1a00000, 0x00000007eaa80000)
  object space 26624K, 50% used [0x00000007c0000000,0x00000007c0d08bb0,0x00000007c1a00000)
 PSPermGen       total 34304K, used 15162K [0x00000007bae00000, 0x00000007bcf80000, 0x00000007c0000000)
  object space 34304K, 44% used [0x00000007bae00000,0x00000007bbcce930,0x00000007bcf80000)
}
Event: 687.761 GC heap before
{Heap before GC invocations=449 (full 2):
 PSYoungGen      total 179712K, used 179424K [0x00000007eaa80000, 0x00000007fac80000, 0x0000000800000000)
  eden space 173056K, 100% used [0x00000007eaa80000,0x00000007f5380000,0x00000007f5380000)
  from space 6656K, 95% used [0x00000007fa600000,0x00000007fac38020,0x00000007fac80000)
  to   space 8704K, 0% used [0x00000007f9b80000,0x00000007f9b80000,0x00000007fa400000)
 ParOldGen       total 26624K, used 13346K [0x00000007c0000000, 0x00000007c1a00000, 0x00000007eaa80000)
  object space 26624K, 50% used [0x00000007c0000000,0x00000007c0d08bb0,0x00000007c1a00000)
 PSPermGen       total 34304K, used 15162K [0x00000007bae00000, 0x00000007bcf80000, 0x00000007c0000000)
  object space 34304K, 44% used [0x00000007bae00000,0x00000007bbcce930,0x00000007bcf80000)
Event: 687.792 GC heap after
Heap after GC invocations=449 (full 2):
 PSYoungGen      total 211456K, used 4096K [0x00000007eaa80000, 0x00000007fa680000, 0x0000000800000000)
  eden space 206848K, 0% used [0x00000007eaa80000,0x00000007eaa80000,0x00000007f7480000)
  from space 4608K, 88% used [0x00000007f9b80000,0x00000007f9f80010,0x00000007fa000000)
  to   space 6656K, 0% used [0x00000007fa000000,0x00000007fa000000,0x00000007fa680000)
 ParOldGen       total 26624K, used 13354K [0x00000007c0000000, 0x00000007c1a00000, 0x00000007eaa80000)
  object space 26624K, 50% used [0x00000007c0000000,0x00000007c0d0abb0,0x00000007c1a00000)
 PSPermGen       total 34304K, used 15162K [0x00000007bae00000, 0x00000007bcf80000, 0x00000007c0000000)
  object space 34304K, 44% used [0x00000007bae00000,0x00000007bbcce930,0x00000007bcf80000)
}
Event: 688.976 GC heap before
{Heap before GC invocations=450 (full 2):
 PSYoungGen      total 211456K, used 210944K [0x00000007eaa80000, 0x00000007fa680000, 0x0000000800000000)
  eden space 206848K, 100% used [0x00000007eaa80000,0x00000007f7480000,0x00000007f7480000)
  from space 4608K, 88% used [0x00000007f9b80000,0x00000007f9f80010,0x00000007fa000000)
  to   space 6656K, 0% used [0x00000007fa000000,0x00000007fa000000,0x00000007fa680000)
 ParOldGen       total 26624K, used 13354K [0x00000007c0000000, 0x00000007c1a00000, 0x00000007eaa80000)
  object space 26624K, 50% used [0x00000007c0000000,0x00000007c0d0abb0,0x00000007c1a00000)
 PSPermGen       total 34304K, used 15162K [0x00000007bae00000, 0x00000007bcf80000, 0x00000007c0000000)
  object space 34304K, 44% used [0x00000007bae00000,0x00000007bbcce930,0x00000007bcf80000)
Event: 688.983 GC heap after
Heap after GC invocations=450 (full 2):
 PSYoungGen      total 249856K, used 3168K [0x00000007eaa80000, 0x00000007fab80000, 0x0000000800000000)
  eden space 243200K, 0% used [0x00000007eaa80000,0x00000007eaa80000,0x00000007f9800000)
  from space 6656K, 47% used [0x00000007fa000000,0x00000007fa318010,0x00000007fa680000)
  to   space 8192K, 0% used [0x00000007f9800000,0x00000007f9800000,0x00000007fa000000)
 ParOldGen       total 26624K, used 13362K [0x00000007c0000000, 0x00000007c1a00000, 0x00000007eaa80000)
  object space 26624K, 50% used [0x00000007c0000000,0x00000007c0d0cbb0,0x00000007c1a00000)
 PSPermGen       total 34304K, used 15162K [0x00000007bae00000, 0x00000007bcf80000, 0x00000007c0000000)
  object space 34304K, 44% used [0x00000007bae00000,0x00000007bbcce930,0x00000007bcf80000)
}
Event: 690.241 GC heap before
{Heap before GC invocations=451 (full 2):
 PSYoungGen      total 249856K, used 246368K [0x00000007eaa80000, 0x00000007fab80000, 0x0000000800000000)
  eden space 243200K, 100% used [0x00000007eaa80000,0x00000007f9800000,0x00000007f9800000)
  from space 6656K, 47% used [0x00000007fa000000,0x00000007fa318010,0x00000007fa680000)
  to   space 8192K, 0% used [0x00000007f9800000,0x00000007f9800000,0x00000007fa000000)
 ParOldGen       total 26624K, used 13362K [0x00000007c0000000, 0x00000007c1a00000, 0x00000007eaa80000)
  object space 26624K, 50% used [0x00000007c0000000,0x00000007c0d0cbb0,0x00000007c1a00000)
 PSPermGen       total 34304K, used 15162K [0x00000007bae00000, 0x00000007bcf80000, 0x00000007c0000000)
  object space 34304K, 44% used [0x00000007bae00000,0x00000007bbcce930,0x00000007bcf80000)
Event: 690.283 GC heap after
Heap after GC invocations=451 (full 2):
 PSYoungGen      total 251392K, used 4192K [0x00000007eaa80000, 0x00000007fd580000, 0x0000000800000000)
  eden space 243200K, 0% used [0x00000007eaa80000,0x00000007eaa80000,0x00000007f9800000)
  from space 8192K, 51% used [0x00000007f9800000,0x00000007f9c18010,0x00000007fa000000)
  to   space 7680K, 0% used [0x00000007fce00000,0x00000007fce00000,0x00000007fd580000)
 ParOldGen       total 26624K, used 13370K [0x00000007c0000000, 0x00000007c1a00000, 0x00000007eaa80000)
  object space 26624K, 50% used [0x00000007c0000000,0x00000007c0d0ebb0,0x00000007c1a00000)
 PSPermGen       total 34304K, used 15162K [0x00000007bae00000, 0x00000007bcf80000, 0x00000007c0000000)
  object space 34304K, 44% used [0x00000007bae00000,0x00000007bbcce930,0x00000007bcf80000)
}
Event: 692.035 GC heap before
{Heap before GC invocations=452 (full 2):
 PSYoungGen      total 251392K, used 247392K [0x00000007eaa80000, 0x00000007fd580000, 0x0000000800000000)
  eden space 243200K, 100% used [0x00000007eaa80000,0x00000007f9800000,0x00000007f9800000)
  from space 8192K, 51% used [0x00000007f9800000,0x00000007f9c18010,0x00000007fa000000)
  to   space 7680K, 0% used [0x00000007fce00000,0x00000007fce00000,0x00000007fd580000)
 ParOldGen       total 26624K, used 13370K [0x00000007c0000000, 0x00000007c1a00000, 0x00000007eaa80000)
  object space 26624K, 50% used [0x00000007c0000000,0x00000007c0d0ebb0,0x00000007c1a00000)
 PSPermGen       total 34304K, used 15162K [0x00000007bae00000, 0x00000007bcf80000, 0x00000007c0000000)
  object space 34304K, 44% used [0x00000007bae00000,0x00000007bbcce930,0x00000007bcf80000)
Event: 692.048 GC heap after
Heap after GC invocations=452 (full 2):
 PSYoungGen      total 297984K, used 416K [0x00000007eaa80000, 0x00000007fd680000, 0x0000000800000000)
  eden space 290304K, 0% used [0x00000007eaa80000,0x00000007eaa80000,0x00000007fc600000)
  from space 7680K, 5% used [0x00000007fce00000,0x00000007fce68000,0x00000007fd580000)
  to   space 8192K, 0% used [0x00000007fc600000,0x00000007fc600000,0x00000007fce00000)
 ParOldGen       total 26624K, used 13378K [0x00000007c0000000, 0x00000007c1a00000, 0x00000007eaa80000)
  object space 26624K, 50% used [0x00000007c0000000,0x00000007c0d10bb0,0x00000007c1a00000)
 PSPermGen       total 34304K, used 15162K [0x00000007bae00000, 0x00000007bcf80000, 0x00000007c0000000)
  object space 34304K, 44% used [0x00000007bae00000,0x00000007bbcce930,0x00000007bcf80000)
}

